<?xml version="1.0" encoding="UTF-8"?>
<!-- Generated by org.testng.reporters.JUnitXMLReporter -->
<testsuite ignored="0" hostname="DESKTOP-QRG2C8B" failures="1" tests="1" name="Test" time="0.03" errors="0" timestamp="2021-03-25T17:11:42 IST">
  <testcase classname="com.dataprovider.Demo" name="test" time="0.0">
    <failure type="org.testng.TestNGException" message="
Method public void com.dataprovider.Demo.test(java.lang.String,java.lang.String) requires a @DataProvider named : Demo">
      <![CDATA[org.testng.TestNGException: 
Method public void com.dataprovider.Demo.test(java.lang.String,java.lang.String) requires a @DataProvider named : Demo
at java.base/java.util.ArrayList.forEach(ArrayList.java:1511)
... Removed 24 stack frames]]>
    </failure>
  </testcase> <!-- test -->
</testsuite> <!-- Test -->
