<?xml version="1.0" encoding="UTF-8"?>
<testng-results ignored="0" total="2" passed="2" failed="0" skipped="0">
  <reporter-output>
  </reporter-output>
  <suite started-at="2021-03-26T11:10:00 IST" name="Default suite" finished-at="2021-03-26T11:10:00 IST" duration-ms="44">
    <groups>
    </groups>
    <test started-at="2021-03-26T11:10:00 IST" name="Default test" finished-at="2021-03-26T11:10:00 IST" duration-ms="44">
      <class name="com.dataprovider.Demo">
        <test-method signature="test(java.lang.String, java.lang.String)[pri:0, instance:com.dataprovider.Demo@222114ba]" started-at="2021-03-26T11:10:00 IST" name="test" data-provider="datavalue" finished-at="2021-03-26T11:10:00 IST" duration-ms="6" status="PASS">
          <params>
            <param index="0">
              <value>
                <![CDATA[admin]]>
              </value>
            </param>
            <param index="1">
              <value>
                <![CDATA[manager]]>
              </value>
            </param>
          </params>
          <reporter-output>
          </reporter-output>
        </test-method> <!-- test -->
        <test-method signature="test(java.lang.String, java.lang.String)[pri:0, instance:com.dataprovider.Demo@222114ba]" started-at="2021-03-26T11:10:00 IST" name="test" data-provider="datavalue" finished-at="2021-03-26T11:10:00 IST" duration-ms="1" status="PASS">
          <params>
            <param index="0">
              <value is-null="true"/>
            </param>
            <param index="1">
              <value is-null="true"/>
            </param>
          </params>
          <reporter-output>
          </reporter-output>
        </test-method> <!-- test -->
      </class> <!-- com.dataprovider.Demo -->
    </test> <!-- Default test -->
  </suite> <!-- Default suite -->
</testng-results>
